<?xml version="1.0" encoding="UTF-8"?>
<testsuite name="StudentUtilTest" tests="1" skipped="0" failures="0" errors="0" timestamp="2018-01-26T03:37:02" hostname="DESKTOP-F4C10UO" time="0.024">
  <properties/>
  <testcase name="getGradeOnGivenDate" classname="StudentUtilTest" time="0.024"/>
  <system-out><![CDATA[]]></system-out>
  <system-err><![CDATA[]]></system-err>
</testsuite>
